2024-11-28 11:43:28 [main] INFO  c.bookstore.Order.OrderApplication - Starting OrderApplication using Java 22.0.1 with PID 14920 (C:\Users\Reddemma\Downloads\Order\Order\target\classes started by Reddemma in C:\Users\Reddemma\Downloads\Book\Book)
2024-11-28 11:43:28 [main] INFO  c.bookstore.Order.OrderApplication - The following 1 profile is active: "prod"
2024-11-28 11:43:31 [main] INFO  o.s.d.r.c.RepositoryConfigurationDelegate - Bootstrapping Spring Data JPA repositories in DEFAULT mode.
2024-11-28 11:43:32 [main] INFO  o.s.d.r.c.RepositoryConfigurationDelegate - Finished Spring Data repository scanning in 510 ms. Found 1 JPA repository interface.
2024-11-28 11:43:33 [main] INFO  o.s.cloud.context.scope.GenericScope - BeanFactory id=f7e79480-99ef-391a-b619-40beb28ffa49
2024-11-28 11:43:34 [main] WARN  o.s.c.s.PostProcessorRegistrationDelegate$BeanPostProcessorChecker - Bean 'org.springframework.cloud.client.loadbalancer.LoadBalancerAutoConfiguration$DeferringLoadBalancerInterceptorConfig' of type [org.springframework.cloud.client.loadbalancer.LoadBalancerAutoConfiguration$DeferringLoadBalancerInterceptorConfig] is not eligible for getting processed by all BeanPostProcessors (for example: not eligible for auto-proxying). The currently created BeanPostProcessor [lbRestClientPostProcessor] is declared through a non-static factory method on that class; consider declaring it as static instead.
2024-11-28 11:43:34 [main] WARN  o.s.c.s.PostProcessorRegistrationDelegate$BeanPostProcessorChecker - Bean 'deferringLoadBalancerInterceptor' of type [org.springframework.cloud.client.loadbalancer.DeferringLoadBalancerInterceptor] is not eligible for getting processed by all BeanPostProcessors (for example: not eligible for auto-proxying). Is this bean getting eagerly injected/applied to a currently created BeanPostProcessor [lbRestClientPostProcessor]? Check the corresponding BeanPostProcessor declaration and its dependencies/advisors. If this bean does not have to be post-processed, declare it with ROLE_INFRASTRUCTURE.
2024-11-28 11:43:35 [main] INFO  o.s.b.w.e.tomcat.TomcatWebServer - Tomcat initialized with port 8086 (http)
2024-11-28 11:43:35 [main] INFO  o.a.catalina.core.StandardService - Starting service [Tomcat]
2024-11-28 11:43:35 [main] INFO  o.a.catalina.core.StandardEngine - Starting Servlet engine: [Apache Tomcat/10.1.31]
2024-11-28 11:43:36 [main] INFO  o.a.c.c.C.[Tomcat].[localhost].[/] - Initializing Spring embedded WebApplicationContext
2024-11-28 11:43:36 [main] INFO  o.s.b.w.s.c.ServletWebServerApplicationContext - Root WebApplicationContext: initialization completed in 7696 ms
2024-11-28 11:43:37 [main] INFO  o.h.jpa.internal.util.LogHelper - HHH000204: Processing PersistenceUnitInfo [name: default]
2024-11-28 11:43:37 [main] INFO  org.hibernate.Version - HHH000412: Hibernate ORM core version 6.5.3.Final
2024-11-28 11:43:37 [main] INFO  o.h.c.i.RegionFactoryInitiator - HHH000026: Second-level cache disabled
2024-11-28 11:43:39 [main] INFO  o.s.o.j.p.SpringPersistenceUnitInfo - No LoadTimeWeaver setup: ignoring JPA class transformer
2024-11-28 11:43:39 [main] INFO  com.zaxxer.hikari.HikariDataSource - HikariPool-1 - Starting...
2024-11-28 11:43:40 [main] INFO  com.zaxxer.hikari.pool.HikariPool - HikariPool-1 - Added connection com.mysql.cj.jdbc.ConnectionImpl@5018b56b
2024-11-28 11:43:40 [main] INFO  com.zaxxer.hikari.HikariDataSource - HikariPool-1 - Start completed.
2024-11-28 11:43:41 [main] WARN  org.hibernate.orm.deprecation - HHH90000025: MySQLDialect does not need to be specified explicitly using 'hibernate.dialect' (remove the property setting and it will be selected by default)
2024-11-28 11:43:44 [main] INFO  o.h.e.t.j.p.i.JtaPlatformInitiator - HHH000489: No JTA platform available (set 'hibernate.transaction.jta.platform' to enable JTA platform integration)
2024-11-28 11:43:44 [main] INFO  o.s.o.j.LocalContainerEntityManagerFactoryBean - Initialized JPA EntityManagerFactory for persistence unit 'default'
2024-11-28 11:43:45 [main] WARN  o.s.b.a.o.j.JpaBaseConfiguration$JpaWebConfiguration - spring.jpa.open-in-view is enabled by default. Therefore, database queries may be performed during view rendering. Explicitly configure spring.jpa.open-in-view to disable this warning
2024-11-28 11:43:46 [main] INFO  o.s.c.o.FeignClientFactoryBean - For 'CART' URL not provided. Will try picking an instance via load-balancing.
2024-11-28 11:43:46 [main] INFO  o.s.c.o.FeignClientFactoryBean - For 'USER' URL not provided. Will try picking an instance via load-balancing.
2024-11-28 11:43:46 [main] INFO  o.s.c.o.FeignClientFactoryBean - For 'BOOK' URL not provided. Will try picking an instance via load-balancing.
2024-11-28 11:43:50 [main] INFO  o.s.c.n.e.c.DiscoveryClientOptionalArgsConfiguration - Eureka HTTP Client uses RestTemplate.
2024-11-28 11:43:50 [main] WARN  o.s.c.l.c.LoadBalancerCacheAutoConfiguration$LoadBalancerCaffeineWarnLogger - Spring Cloud LoadBalancer is currently working with the default cache. While this cache implementation is useful for development and tests, it's recommended to use Caffeine cache in production.You can switch to using Caffeine cache, by adding it and org.springframework.cache.caffeine.CaffeineCacheManager to the classpath.
2024-11-28 11:43:50 [main] INFO  o.s.c.n.eureka.InstanceInfoFactory - Setting initial instance status as: STARTING
2024-11-28 11:43:50 [main] INFO  c.netflix.discovery.DiscoveryClient - Initializing Eureka in region us-east-1
2024-11-28 11:43:50 [main] INFO  c.n.d.s.r.aws.ConfigClusterResolver - Resolving eureka endpoints via configuration
2024-11-28 11:43:50 [main] INFO  c.netflix.discovery.DiscoveryClient - Disable delta property : false
2024-11-28 11:43:50 [main] INFO  c.netflix.discovery.DiscoveryClient - Single vip registry refresh property : null
2024-11-28 11:43:50 [main] INFO  c.netflix.discovery.DiscoveryClient - Force full registry fetch : false
2024-11-28 11:43:50 [main] INFO  c.netflix.discovery.DiscoveryClient - Application is null : false
2024-11-28 11:43:50 [main] INFO  c.netflix.discovery.DiscoveryClient - Registered Applications size is zero : true
2024-11-28 11:43:50 [main] INFO  c.netflix.discovery.DiscoveryClient - Application version is -1: true
2024-11-28 11:43:50 [main] INFO  c.netflix.discovery.DiscoveryClient - Getting all instance registry info from the eureka server
2024-11-28 11:43:52 [main] INFO  c.netflix.discovery.DiscoveryClient - The response status is 200
2024-11-28 11:43:52 [main] INFO  c.netflix.discovery.DiscoveryClient - Starting heartbeat executor: renew interval is: 30
2024-11-28 11:43:52 [main] INFO  c.n.discovery.InstanceInfoReplicator - InstanceInfoReplicator onDemand update allowed rate per min is 4
2024-11-28 11:43:52 [main] INFO  c.netflix.discovery.DiscoveryClient - Discovery Client initialized at timestamp 1732774432197 with initial instances count: 1
2024-11-28 11:43:52 [main] INFO  o.s.c.n.e.s.EurekaServiceRegistry - Registering application ORDER with eureka with status UP
2024-11-28 11:43:52 [main] INFO  c.netflix.discovery.DiscoveryClient - Saw local status change event StatusChangeEvent [timestamp=1732774432218, current=UP, previous=STARTING]
2024-11-28 11:43:52 [DiscoveryClient-InstanceInfoReplicator-%d] INFO  c.netflix.discovery.DiscoveryClient - DiscoveryClient_ORDER/192.168.2.246:Order:8086: registering service...
2024-11-28 11:43:52 [main] INFO  o.s.b.w.e.tomcat.TomcatWebServer - Tomcat started on port 8086 (http) with context path '/'
2024-11-28 11:43:52 [main] INFO  o.s.c.n.e.s.EurekaAutoServiceRegistration - Updating port to 8086
2024-11-28 11:43:52 [DiscoveryClient-InstanceInfoReplicator-%d] INFO  c.netflix.discovery.DiscoveryClient - DiscoveryClient_ORDER/192.168.2.246:Order:8086 - registration status: 204
2024-11-28 11:43:52 [main] INFO  c.bookstore.Order.OrderApplication - Started OrderApplication in 26.888 seconds (process running for 29.123)
2024-11-28 11:44:23 [SpringApplicationShutdownHook] INFO  o.s.c.n.e.s.EurekaServiceRegistry - Unregistering application ORDER with eureka with status DOWN
2024-11-28 11:44:23 [SpringApplicationShutdownHook] INFO  c.netflix.discovery.DiscoveryClient - Saw local status change event StatusChangeEvent [timestamp=1732774463631, current=DOWN, previous=UP]
2024-11-28 11:44:23 [DiscoveryClient-InstanceInfoReplicator-%d] INFO  c.netflix.discovery.DiscoveryClient - DiscoveryClient_ORDER/192.168.2.246:Order:8086: registering service...
2024-11-28 11:44:23 [DiscoveryClient-InstanceInfoReplicator-%d] INFO  c.netflix.discovery.DiscoveryClient - DiscoveryClient_ORDER/192.168.2.246:Order:8086 - registration status: 204
2024-11-28 11:44:23 [SpringApplicationShutdownHook] INFO  o.s.o.j.LocalContainerEntityManagerFactoryBean - Closing JPA EntityManagerFactory for persistence unit 'default'
2024-11-28 11:44:23 [SpringApplicationShutdownHook] INFO  com.zaxxer.hikari.HikariDataSource - HikariPool-1 - Shutdown initiated...
2024-11-28 11:44:24 [SpringApplicationShutdownHook] INFO  com.zaxxer.hikari.HikariDataSource - HikariPool-1 - Shutdown completed.
2024-11-28 11:44:24 [SpringApplicationShutdownHook] INFO  c.netflix.discovery.DiscoveryClient - Shutting down DiscoveryClient ...
2024-11-28 11:44:27 [SpringApplicationShutdownHook] INFO  c.netflix.discovery.DiscoveryClient - Unregistering ...
2024-11-28 11:44:27 [SpringApplicationShutdownHook] INFO  c.netflix.discovery.DiscoveryClient - DiscoveryClient_ORDER/192.168.2.246:Order:8086 - deregister  status: 200
2024-11-28 11:44:27 [SpringApplicationShutdownHook] INFO  c.netflix.discovery.DiscoveryClient - Completed shut down of DiscoveryClient
